<?xml version="1.0" encoding="UTF-8" ?>
<testsuite failures="0" time="0.297" errors="0" skipped="0" tests="7" name="com.succez.dengc.serv.TestResponse">
  <properties>
    <property name="java.runtime.name" value="Java(TM) SE Runtime Environment"/>
    <property name="sun.boot.library.path" value="C:\Program Files\Java\jre6\bin"/>
    <property name="java.vm.version" value="20.1-b02"/>
    <property name="java.vm.vendor" value="Sun Microsystems Inc."/>
    <property name="java.vendor.url" value="http://java.sun.com/"/>
    <property name="path.separator" value=";"/>
    <property name="java.vm.name" value="Java HotSpot(TM) Client VM"/>
    <property name="file.encoding.pkg" value="sun.io"/>
    <property name="user.country" value="CN"/>
    <property name="sun.java.launcher" value="SUN_STANDARD"/>
    <property name="sun.os.patch.level" value="Service Pack 3"/>
    <property name="java.vm.specification.name" value="Java Virtual Machine Specification"/>
    <property name="user.dir" value="D:\JAVA\server"/>
    <property name="java.runtime.version" value="1.6.0_26-b03"/>
    <property name="java.awt.graphicsenv" value="sun.awt.Win32GraphicsEnvironment"/>
    <property name="basedir" value="D:\JAVA\server"/>
    <property name="java.endorsed.dirs" value="C:\Program Files\Java\jre6\lib\endorsed"/>
    <property name="os.arch" value="x86"/>
    <property name="surefire.real.class.path" value="D:\JAVA\server\target\surefire\surefirebooter6008161488175751812.jar"/>
    <property name="java.io.tmpdir" value="D:\Temp\"/>
    <property name="line.separator" value="
"/>
    <property name="java.vm.specification.vendor" value="Sun Microsystems Inc."/>
    <property name="user.variant" value=""/>
    <property name="os.name" value="Windows XP"/>
    <property name="sun.jnu.encoding" value="GB18030"/>
    <property name="java.library.path" value="C:\Program Files\Java\jre6\bin;C:\WINDOWS\Sun\Java\bin;C:\WINDOWS\system32;C:\WINDOWS;C:/Program Files/Java/jdk1.6.0_10/bin/../jre/bin/client;C:/Program Files/Java/jdk1.6.0_10/bin/../jre/bin;C:/Program Files/Java/jdk1.6.0_10/bin/../jre/lib/i386;C:\WINDOWS\system32;C:\WINDOWS;C:\WINDOWS\system32\WBEM;F:\oracle\product\10.2.0\db_1\bin;C:\Program Files\Java\jdk1.6.0_10\bin;D:\vc6\Tools\WinNT;D:\vc6\MSDev98\Bin;D:\vc6\Tools;D:\Microsoft Visual Studio\VC98\bin;F:\dc\eclipse;;."/>
    <property name="surefire.test.class.path" value="D:\JAVA\server\target\test-classes;D:\JAVA\server\target\classes;C:\Documents and Settings\Administrator\.m2\repository\org\slf4j\slf4j-api\1.6.1\slf4j-api-1.6.1.jar;C:\Documents and Settings\Administrator\.m2\repository\ch\qos\logback\logback-classic\0.9.29\logback-classic-0.9.29.jar;C:\Documents and Settings\Administrator\.m2\repository\ch\qos\logback\logback-core\0.9.29\logback-core-0.9.29.jar;C:\Documents and Settings\Administrator\.m2\repository\junit\junit\4.8.2\junit-4.8.2.jar;"/>
    <property name="java.specification.name" value="Java Platform API Specification"/>
    <property name="java.class.version" value="50.0"/>
    <property name="sun.management.compiler" value="HotSpot Client Compiler"/>
    <property name="os.version" value="5.1"/>
    <property name="user.home" value="C:\Documents and Settings\Administrator"/>
    <property name="user.timezone" value="Asia/Shanghai"/>
    <property name="java.awt.printerjob" value="sun.awt.windows.WPrinterJob"/>
    <property name="java.specification.version" value="1.6"/>
    <property name="file.encoding" value="GB18030"/>
    <property name="user.name" value="Administrator"/>
    <property name="java.class.path" value="D:\JAVA\server\target\test-classes;D:\JAVA\server\target\classes;C:\Documents and Settings\Administrator\.m2\repository\org\slf4j\slf4j-api\1.6.1\slf4j-api-1.6.1.jar;C:\Documents and Settings\Administrator\.m2\repository\ch\qos\logback\logback-classic\0.9.29\logback-classic-0.9.29.jar;C:\Documents and Settings\Administrator\.m2\repository\ch\qos\logback\logback-core\0.9.29\logback-core-0.9.29.jar;C:\Documents and Settings\Administrator\.m2\repository\junit\junit\4.8.2\junit-4.8.2.jar;"/>
    <property name="java.vm.specification.version" value="1.0"/>
    <property name="sun.arch.data.model" value="32"/>
    <property name="java.home" value="C:\Program Files\Java\jre6"/>
    <property name="sun.java.command" value="D:\JAVA\server\target\surefire\surefirebooter6008161488175751812.jar D:\JAVA\server\target\surefire\surefire3085138872409603610tmp D:\JAVA\server\target\surefire\surefire8729446202082211250tmp"/>
    <property name="java.specification.vendor" value="Sun Microsystems Inc."/>
    <property name="user.language" value="zh"/>
    <property name="awt.toolkit" value="sun.awt.windows.WToolkit"/>
    <property name="java.vm.info" value="mixed mode, sharing"/>
    <property name="java.version" value="1.6.0_26"/>
    <property name="java.ext.dirs" value="C:\Program Files\Java\jre6\lib\ext;C:\WINDOWS\Sun\Java\lib\ext"/>
    <property name="sun.boot.class.path" value="C:\Program Files\Java\jre6\lib\resources.jar;C:\Program Files\Java\jre6\lib\rt.jar;C:\Program Files\Java\jre6\lib\sunrsasign.jar;C:\Program Files\Java\jre6\lib\jsse.jar;C:\Program Files\Java\jre6\lib\jce.jar;C:\Program Files\Java\jre6\lib\charsets.jar;C:\Program Files\Java\jre6\lib\modules\jdk.boot.jar;C:\Program Files\Java\jre6\classes"/>
    <property name="java.vendor" value="Sun Microsystems Inc."/>
    <property name="localRepository" value="C:\Documents and Settings\Administrator\.m2\repository"/>
    <property name="file.separator" value="\"/>
    <property name="java.vendor.url.bug" value="http://java.sun.com/cgi-bin/bugreport.cgi"/>
    <property name="sun.cpu.endian" value="little"/>
    <property name="sun.io.unicode.encoding" value="UnicodeLittle"/>
    <property name="sun.desktop" value="windows"/>
    <property name="sun.cpu.isalist" value="pentium_pro+mmx pentium_pro pentium+mmx pentium i486 i386 i86"/>
  </properties>
  <testcase time="0.157" classname="com.succez.dengc.serv.TestResponse" name="testGetHttpHead"/>
  <testcase time="0" classname="com.succez.dengc.serv.TestResponse" name="testGetUrl"/>
  <testcase time="0.031" classname="com.succez.dengc.serv.TestResponse" name="testFileToBrowser"/>
  <testcase time="0.016" classname="com.succez.dengc.serv.TestResponse" name="testSendHead"/>
  <testcase time="0.046" classname="com.succez.dengc.serv.TestResponse" name="testSendFile"/>
  <testcase time="0" classname="com.succez.dengc.serv.TestResponse" name="testGetMIMEtpye"/>
  <testcase time="0" classname="com.succez.dengc.serv.TestResponse" name="testInitMap"/>
</testsuite>